Determining if the pthread_create exist failed with the following output:
Change Dir: /informatik2/students/home/7innocen/ros_ws/build/CMakeFiles/CMakeTmp

Run Build Command:"/usr/bin/make" "cmTC_84247/fast"
/usr/bin/make -f CMakeFiles/cmTC_84247.dir/build.make CMakeFiles/cmTC_84247.dir/build
make[1]: Verzeichnis „/informatik2/students/home/7innocen/ros_ws/build/CMakeFiles/CMakeTmp“ wird betreten
Building C object CMakeFiles/cmTC_84247.dir/CheckSymbolExists.c.o
/usr/bin/cc     -o CMakeFiles/cmTC_84247.dir/CheckSymbolExists.c.o   -c /informatik2/students/home/7innocen/ros_ws/build/CMakeFiles/CMakeTmp/CheckSymbolExists.c
Linking C executable cmTC_84247
/usr/bin/cmake -E cmake_link_script CMakeFiles/cmTC_84247.dir/link.txt --verbose=1
/usr/bin/cc       CMakeFiles/cmTC_84247.dir/CheckSymbolExists.c.o  -o cmTC_84247 -rdynamic 
CMakeFiles/cmTC_84247.dir/CheckSymbolExists.c.o: In Funktion `main':
CheckSymbolExists.c:(.text+0x16): Nicht definierter Verweis auf `pthread_create'
collect2: error: ld returned 1 exit status
CMakeFiles/cmTC_84247.dir/build.make:97: die Regel für Ziel „cmTC_84247“ scheiterte
make[1]: *** [cmTC_84247] Fehler 1
make[1]: Verzeichnis „/informatik2/students/home/7innocen/ros_ws/build/CMakeFiles/CMakeTmp“ wird verlassen
Makefile:126: die Regel für Ziel „cmTC_84247/fast“ scheiterte
make: *** [cmTC_84247/fast] Fehler 2

File /informatik2/students/home/7innocen/ros_ws/build/CMakeFiles/CMakeTmp/CheckSymbolExists.c:
/* */
#include <pthread.h>

int main(int argc, char** argv)
{
  (void)argv;
#ifndef pthread_create
  return ((int*)(&pthread_create))[argc];
#else
  (void)argc;
  return 0;
#endif
}

Determining if the function pthread_create exists in the pthreads failed with the following output:
Change Dir: /informatik2/students/home/7innocen/ros_ws/build/CMakeFiles/CMakeTmp

Run Build Command:"/usr/bin/make" "cmTC_dbcc0/fast"
/usr/bin/make -f CMakeFiles/cmTC_dbcc0.dir/build.make CMakeFiles/cmTC_dbcc0.dir/build
make[1]: Verzeichnis „/informatik2/students/home/7innocen/ros_ws/build/CMakeFiles/CMakeTmp“ wird betreten
Building C object CMakeFiles/cmTC_dbcc0.dir/CheckFunctionExists.c.o
/usr/bin/cc    -DCHECK_FUNCTION_EXISTS=pthread_create   -o CMakeFiles/cmTC_dbcc0.dir/CheckFunctionExists.c.o   -c /usr/share/cmake-3.5/Modules/CheckFunctionExists.c
Linking C executable cmTC_dbcc0
/usr/bin/cmake -E cmake_link_script CMakeFiles/cmTC_dbcc0.dir/link.txt --verbose=1
/usr/bin/cc   -DCHECK_FUNCTION_EXISTS=pthread_create    CMakeFiles/cmTC_dbcc0.dir/CheckFunctionExists.c.o  -o cmTC_dbcc0 -rdynamic -lpthreads 
/usr/bin/ld: cannot find -lpthreads
collect2: error: ld returned 1 exit status
CMakeFiles/cmTC_dbcc0.dir/build.make:97: die Regel für Ziel „cmTC_dbcc0“ scheiterte
make[1]: *** [cmTC_dbcc0] Fehler 1
make[1]: Verzeichnis „/informatik2/students/home/7innocen/ros_ws/build/CMakeFiles/CMakeTmp“ wird verlassen
Makefile:126: die Regel für Ziel „cmTC_dbcc0/fast“ scheiterte
make: *** [cmTC_dbcc0/fast] Fehler 2


